<?xml version="1.0" encoding="UTF-8"?>
<testsuite xmlns:xsi="http://www.w3.org/2001/XMLSchema-instance" xsi:noNamespaceSchemaLocation="https://maven.apache.org/surefire/maven-surefire-plugin/xsd/surefire-test-report.xsd" version="3.0.2" name="testRunner.TestRunner" time="71.794" tests="2" errors="0" skipped="0" failures="0">
  <properties>
[...]
</properties>
  <testcase name="runScenario[&quot;Successful login&quot;, &quot;login validation&quot;](1)" classname="testRunner.TestRunner" time="51.007">
    <system-out><![CDATA[User clicks on Sign in button
Check whether user successfully navigated to home page
]]></system-out>
    <system-err><![CDATA[SLF4J(W): No SLF4J providers were found.
SLF4J(W): Defaulting to no-operation (NOP) logger implementation
SLF4J(W): See https://www.slf4j.org/codes.html#noProviders for further details.
]]></system-err>
  </testcase>
  <testcase name="runScenario[&quot;unsuccessful login&quot;, &quot;login validation&quot;](2)" classname="testRunner.TestRunner" time="17.809">
    <system-out><![CDATA[User clicks on Sign in button
Check whether user gets error message in login page
]]></system-out>
  </testcase>
</testsuite>